<?xml version="1.0" encoding="UTF-8"?>
<!-- Generated by org.testng.reporters.JUnitXMLReporter -->
<testsuite ignored="0" hostname="LAPTOP-BKP9G1P2" failures="0" tests="4" name="Test" time="0.105" errors="0" timestamp="2022-11-09T12:29:39 IST">
  <testcase classname="seleniumframework.TestNGBaseClass" name="@BeforeMethod setupApplication" time="-1.667977178995E9">
    <failure type="org.testng.TestNGException" message="
Parameter &amp;apos;url1&amp;apos; is required by BeforeMethod on method setupApplication but has not been marked @Optional or defined
in C:\Users\91949\Selenium Training\ProjectMorningSelenium\testng.xml">
      <![CDATA[org.testng.TestNGException: 
Parameter 'url1' is required by BeforeMethod on method setupApplication but has not been marked @Optional or defined
in C:\Users\91949\Selenium Training\ProjectMorningSelenium\testng.xml
at java.base/java.util.ArrayList.forEach(ArrayList.java:1511)
... Removed 28 stack frames]]>
    </failure>
  </testcase> <!-- @BeforeMethod setupApplication -->
  <testcase classname="seleniumframework.TestNGBaseClass" name="@AfterMethod closeBrowser" time="-1.667977179013E9">
    <skipped/>
  </testcase> <!-- @AfterMethod closeBrowser -->
  <testcase classname="seleniumframework.TestNGBaseClass" name="@BeforeMethod setupApplication" time="-1.667977179015E9">
    <skipped/>
  </testcase> <!-- @BeforeMethod setupApplication -->
  <testcase classname="seleniumframework.TestNGBaseClass" name="@AfterMethod closeBrowser" time="-1.667977179022E9">
    <skipped/>
  </testcase> <!-- @AfterMethod closeBrowser -->
  <testcase classname="seleniumframework.TestNGBaseClass" name="@BeforeMethod setupApplication" time="-1.667977179029E9">
    <skipped/>
  </testcase> <!-- @BeforeMethod setupApplication -->
  <testcase classname="seleniumframework.TestNGBaseClass" name="@AfterMethod closeBrowser" time="-1.667977179034E9">
    <skipped/>
  </testcase> <!-- @AfterMethod closeBrowser -->
  <testcase classname="seleniumframework.TestNGBaseClass" name="@BeforeMethod setupApplication" time="-1.667977179036E9">
    <skipped/>
  </testcase> <!-- @BeforeMethod setupApplication -->
  <testcase classname="seleniumframework.TestNGBaseClass" name="@AfterMethod closeBrowser" time="-1.667977179047E9">
    <skipped/>
  </testcase> <!-- @AfterMethod closeBrowser -->
  <testcase classname="seleniumframework.TestNGTestClass" name="testCase1" time="0.0">
    <skipped/>
  </testcase> <!-- testCase1 -->
  <testcase classname="seleniumframework.TestNGTestClass" name="testCase2" time="0.0">
    <skipped/>
  </testcase> <!-- testCase2 -->
  <testcase classname="seleniumframework.TestNGTestClass" name="testCase3" time="0.0">
    <skipped/>
  </testcase> <!-- testCase3 -->
  <testcase classname="seleniumframework.TestNGTestClass" name="testCase3" time="0.0">
    <skipped/>
  </testcase> <!-- testCase3 -->
</testsuite> <!-- Test -->
